;;; TOOL: run-interp-spec
;;; STDIN_FILE: third_party/testsuite/data.wast
(;; STDOUT ;;;
error initializing module: out of bounds memory access
error initializing module: out of bounds memory access
error initializing module: out of bounds memory access
error initializing module: out of bounds memory access
error initializing module: out of bounds memory access
error initializing module: out of bounds memory access
error initializing module: out of bounds memory access
error initializing module: out of bounds memory access
error initializing module: out of bounds memory access
error initializing module: out of bounds memory access
error initializing module: out of bounds memory access
error initializing module: out of bounds memory access
error initializing module: out of bounds memory access
error initializing module: out of bounds memory access
out/test/spec/data.wast:283: assert_invalid passed:
  000000b: error: data section without memory section
out/test/spec/data.wast:292: assert_invalid passed:
  0000013: error: expected i32 init_expr
out/test/spec/data.wast:300: assert_invalid passed:
  0000014: error: expected END opcode after initializer expression
out/test/spec/data.wast:308: assert_invalid passed:
  0000012: error: unexpected opcode in initializer expression: 0x1
out/test/spec/data.wast:316: assert_invalid passed:
  0000012: error: unexpected opcode in initializer expression: 0x1
out/test/spec/data.wast:324: assert_invalid passed:
  0000014: error: expected END opcode after initializer expression
20/20 tests passed.
;;; STDOUT ;;)
