;;; TOOL: run-interp-spec
;;; STDIN_FILE: third_party/testsuite/elem.wast
(;; STDOUT ;;;
error initializing module: out of bounds table access
error initializing module: out of bounds table access
error initializing module: out of bounds table access
error initializing module: out of bounds table access
error initializing module: out of bounds table access
error initializing module: out of bounds table access
error initializing module: out of bounds table access
error initializing module: out of bounds table access
error initializing module: out of bounds table access
error initializing module: out of bounds table access
error initializing module: out of bounds table access
error initializing module: out of bounds table access
out/test/spec/elem.wast:248: assert_invalid passed:
  0000015: error: elem section without table section
out/test/spec/elem.wast:258: assert_invalid passed:
  0000014: error: expected i32 init_expr
out/test/spec/elem.wast:266: assert_invalid passed:
  0000015: error: expected END opcode after initializer expression
out/test/spec/elem.wast:274: assert_invalid passed:
  0000013: error: unexpected opcode in initializer expression: 0x1
out/test/spec/elem.wast:282: assert_invalid passed:
  0000013: error: unexpected opcode in initializer expression: 0x1
out/test/spec/elem.wast:290: assert_invalid passed:
  0000015: error: expected END opcode after initializer expression
31/31 tests passed.
;;; STDOUT ;;)
