;;; TOOL: run-interp-spec
;;; STDIN_FILE: third_party/testsuite/proposals/mutable-global/linking.wast
(;; STDOUT ;;;
out/test/spec/mutable-global/linking.wast:28: assert_unlinkable passed:
  error: import signature mismatch
  0000025: error: OnImportFunc callback failed
out/test/spec/mutable-global/linking.wast:32: assert_unlinkable passed:
  error: import signature mismatch
  0000026: error: OnImportFunc callback failed
out/test/spec/mutable-global/linking.wast:87: assert_unlinkable passed:
  error: mutability mismatch in imported global, expected mutable but got immutable.
  000001a: error: OnImportGlobal callback failed
out/test/spec/mutable-global/linking.wast:91: assert_unlinkable passed:
  error: mutability mismatch in imported global, expected immutable but got mutable.
  0000016: error: OnImportGlobal callback failed
error initializing module: out of bounds table access
out/test/spec/mutable-global/linking.wast:216: assert_unlinkable passed:
  error: unknown module field "mem"
  0000027: error: OnImportMemory callback failed
error initializing module: out of bounds table access
error initializing module: out of bounds memory access
error initializing module: out of bounds memory access
out/test/spec/mutable-global/linking.wast:324: assert_unlinkable passed:
  error: unknown module field "tab"
  0000037: error: OnImportTable callback failed
error initializing module: out of bounds memory access
error initializing module: out of bounds table access
91/91 tests passed.
;;; STDOUT ;;)
